[21:33:08] [Datafixer Bootstrap/INFO]: 291 Datafixer optimizations took 252 milliseconds
[21:33:08] [main/WARN]: Invalid registry value type detected for PerfOS counters. Should be REG_DWORD. Ignoring: HKEY_LOCAL_MACHINE\SYSTEM\CurrentControlSet\Services\PerfOS\Performance\Disable Performance Counters.
[21:33:11] [main/ERROR]: No data fixer registered for forever_love_sword:rainbow_lighting
[21:33:11] [Render thread/INFO]: Environment: Environment[sessionHost=https://sessionserver.mojang.com, servicesHost=https://api.minecraftservices.com, profilesHost=https://api.mojang.com, name=PROD]
[21:33:11] [Render thread/INFO]: Setting user: TestPlayer
[21:33:11] [Render thread/INFO]: Backend library: LWJGL version 3.4.1+2
[21:33:12] [Render thread/INFO]: Using optional rendering extensions: GL_ARB_buffer_storage, GL_KHR_debug, GL_ARB_vertex_attrib_binding, GL_ARB_direct_state_access, GL_EXT_texture_filter_anisotropic
[21:33:12] [Render thread/WARN]: Missing metadata in pack W Loader
[21:33:12] [pool-1-thread-1/INFO]: [STDOUT]: [36m[2026-02-24 21:33:12.095] [DEBUG] [Render thread] [ModRepositorySource] [ModRepositorySource] Loaded pack: Forever Love Sword Mod[0m
[21:33:12] [pool-1-thread-1/INFO]: [STDOUT]: [36m[2026-02-24 21:33:12.112] [DEBUG] [Render thread] [ModRepositorySource] [ModRepositorySource] Loaded pack: w_loader[0m
[21:33:12] [Render thread/INFO]: Reloading ResourceManager: vanilla, w_loader, Forever Love Sword Mod
[21:33:12] [Worker-Main-3/INFO]: Found unifont_pua-17.0.01.hex, loading
[21:33:12] [Worker-Main-10/INFO]: Found unifont_all_no_pua-17.0.01.hex, loading
[21:33:12] [Worker-Main-7/INFO]: Found unifont_jp_patch-17.0.01.hex, loading
[21:33:13] [Render thread/INFO]: OpenAL initialized on device OpenAL Soft on 扬声器 (Realtek(R) Audio)
[21:33:13] [Render thread/INFO]: Sound engine started
[21:33:13] [Render thread/INFO]: Created: 512x256x0 minecraft:textures/atlas/particles.png-atlas
[21:33:13] [Render thread/INFO]: Created: 128x128x0 minecraft:textures/atlas/decorated_pot.png-atlas
[21:33:13] [Render thread/INFO]: Created: 2048x1024x0 minecraft:textures/atlas/armor_trims.png-atlas
[21:33:13] [Render thread/INFO]: Created: 512x256x0 minecraft:textures/atlas/paintings.png-atlas
[21:33:13] [Render thread/INFO]: Created: 1024x512x0 minecraft:textures/atlas/shield_patterns.png-atlas
[21:33:13] [Render thread/INFO]: Created: 2048x2048x4 minecraft:textures/atlas/blocks.png-atlas
[21:33:13] [Render thread/INFO]: Created: 512x512x0 minecraft:textures/atlas/chest.png-atlas
[21:33:13] [Render thread/INFO]: Created: 256x128x0 minecraft:textures/atlas/celestials.png-atlas
[21:33:13] [Render thread/INFO]: Created: 1024x512x0 minecraft:textures/atlas/banner_patterns.png-atlas
[21:33:13] [Render thread/INFO]: Created: 512x512x0 minecraft:textures/atlas/beds.png-atlas
[21:33:13] [Render thread/INFO]: Created: 1024x1024x0 minecraft:textures/atlas/items.png-atlas
[21:33:13] [Download-3/INFO]: Could not authorize you against Realms server: java.lang.RuntimeException: Failed to parse into SignedJWT: 0
[21:33:13] [Render thread/INFO]: Created: 1024x1024x0 minecraft:textures/atlas/gui.png-atlas
[21:33:13] [Download-3/ERROR]: Failed to fetch Realms feature flags
com.mojang.realmsclient.exception.RealmsServiceException: Realms authentication error with message 'java.lang.RuntimeException: Failed to parse into SignedJWT: 0'
	at com.mojang.realmsclient.client.RealmsClient.execute(RealmsClient.java:526)
	at com.mojang.realmsclient.client.RealmsClient.fetchFeatureFlags(RealmsClient.java:186)
	at java.base/java.util.concurrent.CompletableFuture$AsyncSupply.run(CompletableFuture.java:1789)
	at java.base/java.util.concurrent.ThreadPoolExecutor.runWorker(ThreadPoolExecutor.java:1090)
	at java.base/java.util.concurrent.ThreadPoolExecutor$Worker.run(ThreadPoolExecutor.java:614)
	at java.base/java.lang.Thread.run(Thread.java:1474)
[21:33:13] [Render thread/INFO]: Created: 128x64x0 minecraft:textures/atlas/map_decorations.png-atlas
[21:33:13] [Render thread/INFO]: Created: 512x256x0 minecraft:textures/atlas/signs.png-atlas
[21:33:13] [Render thread/INFO]: Created: 512x512x0 minecraft:textures/atlas/shulker_boxes.png-atlas
[21:33:16] [Download-2/ERROR]: Failed to fetch user properties
com.mojang.authlib.exceptions.AuthenticationUnavailableException
	at com.mojang.authlib.exceptions.MinecraftClientException.toAuthenticationException(MinecraftClientException.java:29)
	at com.mojang.authlib.yggdrasil.YggdrasilUserApiService.fetchProperties(YggdrasilUserApiService.java:154)
	at net.minecraft.client.Minecraft.lambda$new$1(Minecraft.java:454)
	at java.base/java.util.concurrent.CompletableFuture$AsyncSupply.run(CompletableFuture.java:1789)
	at java.base/java.util.concurrent.ThreadPoolExecutor.runWorker(ThreadPoolExecutor.java:1090)
	at java.base/java.util.concurrent.ThreadPoolExecutor$Worker.run(ThreadPoolExecutor.java:614)
	at java.base/java.lang.Thread.run(Thread.java:1474)
[21:33:16] [Yggdrasil Key Fetcher/ERROR]: Failed to request yggdrasil public key
com.mojang.authlib.exceptions.MinecraftClientException: Failed to read from https://api.minecraftservices.com/publickeys due to Connect timed out
	at com.mojang.authlib.minecraft.client.MinecraftClient.readInputStream(MinecraftClient.java:111)
	at com.mojang.authlib.minecraft.client.MinecraftClient.get(MinecraftClient.java:56)
	at com.mojang.authlib.yggdrasil.YggdrasilServicesKeyInfo.fetch(YggdrasilServicesKeyInfo.java:114)
	at com.mojang.authlib.yggdrasil.YggdrasilServicesKeyInfo$1.run(YggdrasilServicesKeyInfo.java:89)
	at java.base/java.util.concurrent.Executors$RunnableAdapter.call(Executors.java:545)
	at java.base/java.util.concurrent.FutureTask.run(FutureTask.java:328)
	at java.base/java.util.concurrent.ScheduledThreadPoolExecutor$ScheduledFutureTask.run(ScheduledThreadPoolExecutor.java:309)
	at java.base/java.util.concurrent.ThreadPoolExecutor.runWorker(ThreadPoolExecutor.java:1090)
	at java.base/java.util.concurrent.ThreadPoolExecutor$Worker.run(ThreadPoolExecutor.java:614)
	at java.base/java.lang.Thread.run(Thread.java:1474)
Caused by: java.net.SocketTimeoutException: Connect timed out
	at java.base/sun.nio.ch.NioSocketImpl.timedFinishConnect(NioSocketImpl.java:547)
	at java.base/sun.nio.ch.NioSocketImpl.connect(NioSocketImpl.java:594)
	at java.base/java.net.SocksSocketImpl.connect(SocksSocketImpl.java:284)
	at java.base/java.net.Socket.connect(Socket.java:659)
	at java.base/sun.security.ssl.SSLSocketImpl.connect(SSLSocketImpl.java:304)
	at java.base/sun.net.NetworkClient.doConnect(NetworkClient.java:161)
	at java.base/sun.net.www.http.HttpClient.openServer(HttpClient.java:516)
	at java.base/sun.net.www.http.HttpClient.openServer(HttpClient.java:604)
	at java.base/sun.net.www.protocol.https.HttpsClient.<init>(HttpsClient.java:206)
	at java.base/sun.net.www.protocol.https.HttpsClient.New(HttpsClient.java:288)
	at java.base/sun.net.www.protocol.https.AbstractDelegateHttpsURLConnection.getNewHttpClient(AbstractDelegateHttpsURLConnection.java:193)
	at java.base/sun.net.www.protocol.http.HttpURLConnection.plainConnect0(HttpURLConnection.java:1008)
	at java.base/sun.net.www.protocol.http.HttpURLConnection.plainConnect(HttpURLConnection.java:899)
	at java.base/sun.net.www.protocol.https.AbstractDelegateHttpsURLConnection.connect(AbstractDelegateHttpsURLConnection.java:179)
	at java.base/sun.net.www.protocol.http.HttpURLConnection.getInputStream0(HttpURLConnection.java:1377)
	at java.base/sun.net.www.protocol.http.HttpURLConnection.getInputStream(HttpURLConnection.java:1302)
	at java.base/java.net.HttpURLConnection.getResponseCode(HttpURLConnection.java:493)
	at java.base/sun.net.www.protocol.https.HttpsURLConnectionImpl.getResponseCode(HttpsURLConnectionImpl.java:307)
	at com.mojang.authlib.minecraft.client.MinecraftClient.readInputStream(MinecraftClient.java:82)
	... 9 more
[21:33:16] [IO-Worker-1/INFO]: Could not authorize you against Realms server: java.lang.RuntimeException: Failed to parse into SignedJWT: 0
[21:33:16] [IO-Worker-1/ERROR]: Couldn't connect to realms
com.mojang.realmsclient.exception.RealmsServiceException: Realms authentication error with message 'java.lang.RuntimeException: Failed to parse into SignedJWT: 0'
	at com.mojang.realmsclient.client.RealmsClient.execute(RealmsClient.java:526)
	at com.mojang.realmsclient.client.RealmsClient.clientCompatible(RealmsClient.java:307)
	at com.mojang.realmsclient.RealmsAvailability.lambda$check$0(RealmsAvailability.java:48)
	at java.base/java.util.concurrent.CompletableFuture$AsyncSupply.run(CompletableFuture.java:1789)
	at java.base/java.util.concurrent.ThreadPoolExecutor.runWorker(ThreadPoolExecutor.java:1090)
	at java.base/java.util.concurrent.ThreadPoolExecutor$Worker.run(ThreadPoolExecutor.java:614)
	at java.base/java.lang.Thread.run(Thread.java:1474)
[21:33:22] [Render thread/WARN]: Missing metadata in pack W Loader
[21:33:22] [pool-1-thread-1/INFO]: [STDOUT]: [36m[2026-02-24 21:33:22.809] [DEBUG] [Render thread] [ModRepositorySource] [ModRepositorySource] Loaded pack: Forever Love Sword Mod[0m
[21:33:22] [pool-1-thread-1/INFO]: [STDOUT]: [36m[2026-02-24 21:33:22.809] [DEBUG] [Render thread] [ModRepositorySource] [ModRepositorySource] Loaded pack: w_loader[0m
[21:33:23] [Render thread/INFO]: Loaded 1515 recipes
[21:33:23] [Render thread/INFO]: Loaded 1617 advancements
[21:33:23] [Server thread/INFO]: Starting integrated minecraft server version 26.1 Snapshot 8
[21:33:23] [Server thread/INFO]: Generating keypair
[21:33:23] [Server thread/INFO]: Loading 0 persistent chunks...
[21:33:24] [Render thread/WARN]: Missing metadata in pack W Loader
[21:33:24] [pool-1-thread-1/INFO]: [STDOUT]: [36m[2026-02-24 21:33:24.115] [DEBUG] [Render thread] [ModRepositorySource] [ModRepositorySource] Loaded pack: Forever Love Sword Mod[0m
[21:33:24] [pool-1-thread-1/INFO]: [STDOUT]: [36m[2026-02-24 21:33:24.115] [DEBUG] [Render thread] [ModRepositorySource] [ModRepositorySource] Loaded pack: w_loader[0m
[21:33:24] [Server thread/INFO]: Loading 49 chunks for player spawn...
[21:33:24] [Server thread/INFO]: Preparing spawn area: 16%
[21:33:24] [Server thread/INFO]: Time elapsed: 412 ms
[21:33:24] [Server thread/INFO]: TestPlayer[local:E:3599f468] logged in with entity id 24 at (-3.3093427299607323, -60.0, 57.41209785990208)
[21:33:24] [Server thread/INFO]: TestPlayer joined the game
[21:33:24] [Server thread/INFO]: Changing view distance to 16, from 10
[21:33:24] [Server thread/INFO]: Changing simulation distance to 12, from 0
[21:33:24] [Render thread/WARN]: Ignoring chat session from TestPlayer due to missing Services public key
[21:33:24] [Render thread/INFO]: Loaded 44 advancements
[21:33:24] [Render thread/INFO]: Resizing Dynamic Transforms UBO, capacity limit of 2 reached during a single frame. New capacity will be 4.
[21:33:24] [Render thread/INFO]: Resizing Dynamic Transforms UBO, capacity limit of 4 reached during a single frame. New capacity will be 8.
[21:33:24] [Render thread/INFO]: Resizing Chunk Sections UBO, capacity limit of 2 reached during a single frame. New capacity will be 8.
[21:33:24] [Render thread/INFO]: Resizing Chunk Sections UBO, capacity limit of 8 reached during a single frame. New capacity will be 16.
[21:33:24] [Render thread/INFO]: Resizing Dynamic Transforms UBO, capacity limit of 8 reached during a single frame. New capacity will be 16.
[21:33:25] [Render thread/INFO]: Resizing Chunk Sections UBO, capacity limit of 16 reached during a single frame. New capacity will be 32.
[21:33:25] [Render thread/INFO]: Resizing Chunk Sections UBO, capacity limit of 32 reached during a single frame. New capacity will be 64.
[21:33:25] [Render thread/INFO]: Resizing Chunk Sections UBO, capacity limit of 64 reached during a single frame. New capacity will be 128.
[21:33:25] [Render thread/INFO]: Resizing Chunk Sections UBO, capacity limit of 128 reached during a single frame. New capacity will be 256.
[21:33:26] [Render thread/INFO]: Resizing Chunk Sections UBO, capacity limit of 256 reached during a single frame. New capacity will be 512.
[21:33:27] [Render thread/INFO]: Stopping!
[21:33:27] [Server thread/INFO]: Stopping server
[21:33:27] [Server thread/INFO]: Saving players
[21:33:27] [Server thread/INFO]: TestPlayer lost connection: Disconnected
[21:33:27] [Server thread/INFO]: TestPlayer left the game
[21:33:27] [Server thread/INFO]: Stopping singleplayer server as player logged out
[21:33:27] [Server thread/INFO]: Saving worlds
[21:33:27] [Server thread/INFO]: Saving chunks for level 'ServerLevel[New World]'/minecraft:overworld
[21:33:27] [Server thread/INFO]: Saving chunks for level 'ServerLevel[New World]'/minecraft:the_end
[21:33:27] [Server thread/INFO]: Saving chunks for level 'ServerLevel[New World]'/minecraft:the_nether
[21:33:27] [Server thread/INFO]: ThreadedAnvilChunkStorage (world): All chunks are saved
[21:33:27] [Server thread/INFO]: ThreadedAnvilChunkStorage (DIM1): All chunks are saved
[21:33:27] [Server thread/INFO]: ThreadedAnvilChunkStorage (DIM-1): All chunks are saved
[21:33:27] [Server thread/INFO]: ThreadedAnvilChunkStorage: All dimensions are saved
