[2026-02-24 21:33:06.531] [INFO] [main] [WLogger] 日志系统初始化成功
[2026-02-24 21:33:06.532] [INFO] [main] [WLogger] Java版本: 25.0.2
[2026-02-24 21:33:06.532] [INFO] [main] [WLogger] 操作系统: Windows 10
[2026-02-24 21:33:06.532] [INFO] [main] [Bootstrap] ========== W Loader Starting ==========
[2026-02-24 21:33:06.565] [INFO] [main] [Bootstrap] Registered self as mod: W Loader
[2026-02-24 21:33:06.568] [INFO] [main] [ModManager] [ModManager] Queued: Forever Love Sword Mod
[2026-02-24 21:33:06.568] [INFO] [main] [Bootstrap] Premain done. Waiting for Minecraft to initialize...
[2026-02-24 21:33:11.114] [INFO] [main] [ModLoader] [ModLoader] Bootstrap phase: loading mod classes...
[2026-02-24 21:33:11.119] [DEBUG] [main] [EventBus] Registered HealthDisplayMod#onGuiRenderPost for Post
[2026-02-24 21:33:11.119] [INFO] [main] [ModLoader] [ModLoader] Loaded: W Loader
[2026-02-24 21:33:11.121] [DEBUG] [main] [EventBus] Registered ModMain#onServerTick for ServerTickEvent
[2026-02-24 21:33:11.121] [DEBUG] [main] [EventBus] Registered ModMain#onLivingAttack for LivingAttackEvent
[2026-02-24 21:33:11.121] [DEBUG] [main] [EventBus] Registered ModMain#onEntityKill for EntityKillEvent
[2026-02-24 21:33:11.121] [DEBUG] [main] [EventBus] Registered ModMain#onLivingSetHealth for LivingSetHealthEvent
[2026-02-24 21:33:11.121] [DEBUG] [main] [EventBus] Registered ModMain#onLivingTick for LivingTickEvent
[2026-02-24 21:33:11.121] [DEBUG] [main] [EventBus] Registered ModMain#onEntityDiscard for EntityDiscardEvent
[2026-02-24 21:33:11.121] [DEBUG] [main] [EventBus] Registered ModMain#onCreativeTab for CreativeTabEvent
[2026-02-24 21:33:11.121] [DEBUG] [main] [EventBus] Registered ModMain#onEntityRegisterRenderers for EntityRegisterRenderersEvent
[2026-02-24 21:33:11.121] [DEBUG] [main] [EventBus] Registered ModMain#onRegister for RegistryEvent
[2026-02-24 21:33:11.121] [INFO] [main] [ModLoader] [ModLoader] Loaded: Forever Love Sword Mod
[2026-02-24 21:33:11.125] [INFO] [main] [ModLoader] [ModLoader] Bootstrap phase complete.
[2026-02-24 21:33:12.095] [DEBUG] [Render thread] [ModRepositorySource] [ModRepositorySource] Loaded pack: Forever Love Sword Mod
[2026-02-24 21:33:12.112] [DEBUG] [Render thread] [ModRepositorySource] [ModRepositorySource] Loaded pack: w_loader
[2026-02-24 21:33:22.809] [DEBUG] [Render thread] [ModRepositorySource] [ModRepositorySource] Loaded pack: Forever Love Sword Mod
[2026-02-24 21:33:22.809] [DEBUG] [Render thread] [ModRepositorySource] [ModRepositorySource] Loaded pack: w_loader
[2026-02-24 21:33:24.115] [DEBUG] [Render thread] [ModRepositorySource] [ModRepositorySource] Loaded pack: Forever Love Sword Mod
[2026-02-24 21:33:24.115] [DEBUG] [Render thread] [ModRepositorySource] [ModRepositorySource] Loaded pack: w_loader
