[2026-02-24 21:29:21.878] [INFO] [main] [WLogger] 日志系统初始化成功
[2026-02-24 21:29:21.879] [INFO] [main] [WLogger] Java版本: 25.0.2
[2026-02-24 21:29:21.879] [INFO] [main] [WLogger] 操作系统: Windows 10
[2026-02-24 21:29:21.879] [INFO] [main] [Bootstrap] ========== W Loader Starting ==========
[2026-02-24 21:29:21.925] [INFO] [main] [Bootstrap] Registered self as mod: W Loader
[2026-02-24 21:29:21.930] [INFO] [main] [ModManager] [ModManager] Queued: Forever Love Sword Mod
[2026-02-24 21:29:21.930] [INFO] [main] [Bootstrap] Premain done. Waiting for Minecraft to initialize...
[2026-02-24 21:29:26.988] [INFO] [main] [ModLoader] [ModLoader] Bootstrap phase: loading mod classes...
[2026-02-24 21:29:26.993] [DEBUG] [main] [EventBus] Registered HealthDisplayMod#onGuiRenderPost for Post
[2026-02-24 21:29:26.994] [INFO] [main] [ModLoader] [ModLoader] Loaded: W Loader
[2026-02-24 21:29:26.996] [DEBUG] [main] [EventBus] Registered ModMain#onRegister for RegistryEvent
[2026-02-24 21:29:26.996] [DEBUG] [main] [EventBus] Registered ModMain#onServerTick for ServerTickEvent
[2026-02-24 21:29:26.996] [DEBUG] [main] [EventBus] Registered ModMain#onLivingAttack for LivingAttackEvent
[2026-02-24 21:29:26.996] [DEBUG] [main] [EventBus] Registered ModMain#onEntityKill for EntityKillEvent
[2026-02-24 21:29:26.996] [DEBUG] [main] [EventBus] Registered ModMain#onEntityDiscard for EntityDiscardEvent
[2026-02-24 21:29:26.996] [DEBUG] [main] [EventBus] Registered ModMain#onLivingTick for LivingTickEvent
[2026-02-24 21:29:26.996] [DEBUG] [main] [EventBus] Registered ModMain#onLivingSetHealth for LivingSetHealthEvent
[2026-02-24 21:29:26.996] [DEBUG] [main] [EventBus] Registered ModMain#onCreativeTab for CreativeTabEvent
[2026-02-24 21:29:26.996] [DEBUG] [main] [EventBus] Registered ModMain#onEntityRegisterRenderers for EntityRegisterRenderersEvent
[2026-02-24 21:29:26.996] [INFO] [main] [ModLoader] [ModLoader] Loaded: Forever Love Sword Mod
[2026-02-24 21:29:27.001] [INFO] [main] [ModLoader] [ModLoader] Bootstrap phase complete.
[2026-02-24 21:29:28.074] [DEBUG] [Render thread] [ModRepositorySource] [ModRepositorySource] Loaded pack: Forever Love Sword Mod
[2026-02-24 21:29:28.077] [DEBUG] [Render thread] [ModRepositorySource] [ModRepositorySource] Loaded pack: w_loader
[2026-02-24 21:29:42.555] [DEBUG] [Render thread] [ModRepositorySource] [ModRepositorySource] Loaded pack: Forever Love Sword Mod
[2026-02-24 21:29:42.555] [DEBUG] [Render thread] [ModRepositorySource] [ModRepositorySource] Loaded pack: w_loader
[2026-02-24 21:29:44.017] [DEBUG] [Render thread] [ModRepositorySource] [ModRepositorySource] Loaded pack: Forever Love Sword Mod
[2026-02-24 21:29:44.017] [DEBUG] [Render thread] [ModRepositorySource] [ModRepositorySource] Loaded pack: w_loader
